+ set -e
+ source /home/sven/exoplanetenv/bin/activate
++ deactivate nondestructive
++ '[' -n '' ']'
++ '[' -n '' ']'
++ '[' -n /bin/bash -o -n '' ']'
++ hash -r
++ '[' -n '' ']'
++ unset VIRTUAL_ENV
++ '[' '!' nondestructive = nondestructive ']'
++ VIRTUAL_ENV=/home/sven/exoplanetenv
++ export VIRTUAL_ENV
++ _OLD_VIRTUAL_PATH=/home/sven/exoplanetenv/bin:/home/sven/.vscode-server/bin/6cba118ac49a1b88332f312a8f67186f7f3c1643/bin:/home/sven/.vscode-server/bin/6cba118ac49a1b88332f312a8f67186f7f3c1643/bin:/usr/local/bin:/usr/bin:/usr/local/sbin:/usr/sbin
++ PATH=/home/sven/exoplanetenv/bin:/home/sven/exoplanetenv/bin:/home/sven/.vscode-server/bin/6cba118ac49a1b88332f312a8f67186f7f3c1643/bin:/home/sven/.vscode-server/bin/6cba118ac49a1b88332f312a8f67186f7f3c1643/bin:/usr/local/bin:/usr/bin:/usr/local/sbin:/usr/sbin
++ export PATH
++ '[' -n '' ']'
++ '[' -z '' ']'
++ _OLD_VIRTUAL_PS1=
++ '[' 'x(exoplanetenv) ' '!=' x ']'
++ PS1='(exoplanetenv) '
++ export PS1
++ '[' -n /bin/bash -o -n '' ']'
++ hash -r
+ env
SLURM_NODELIST=comp-d-005
SLURM_JOB_NAME=run_BD_100.sh
XDG_SESSION_ID=6753
SLURMD_NODENAME=comp-d-005
SLURM_TOPOLOGY_ADDR=comp-d-005
HOSTNAME=comp-d-005
TERM_PROGRAM=vscode
SLURM_PRIO_PROCESS=0
SLURM_NODE_ALIASES=(null)
SHELL=/bin/bash
TERM=xterm-256color
SLURM_JOB_QOS=normal
HISTSIZE=1000
TMPDIR=/tmp
SLURM_TOPOLOGY_ADDR_PATTERN=node
SSH_CLIENT=193.40.151.2 50064 22
TERM_PROGRAM_VERSION=1.61.2
SLURM_MEM_PER_CPU=2048
QT_GRAPHICSSYSTEM_CHECKED=1
SLURM_NNODES=1
USER=sven
SLURM_JOBID=42924383
VIRTUAL_ENV=/home/sven/exoplanetenv
SLURM_TASKS_PER_NODE=1
MAIL=/var/spool/mail/sven
PATH=/home/sven/exoplanetenv/bin:/home/sven/exoplanetenv/bin:/home/sven/.vscode-server/bin/6cba118ac49a1b88332f312a8f67186f7f3c1643/bin:/home/sven/.vscode-server/bin/6cba118ac49a1b88332f312a8f67186f7f3c1643/bin:/usr/local/bin:/usr/bin:/usr/local/sbin:/usr/sbin
SLURM_WORKING_CLUSTER=nicpb:192.168.1.73:6817:8960:109
SLURM_CONF=/etc/slurm/slurm.conf
SLURM_JOB_ID=42924383
SLURM_JOB_USER=sven
PWD=/home/sven/repos/exoplanets/running
LANG=en_US.UTF-8
MODULEPATH=/usr/share/Modules/modulefiles:/etc/modulefiles
SLURM_JOB_UID=1000064
SLURM_NODEID=0
PS1=(exoplanetenv) 
SLURM_SUBMIT_DIR=/home/sven/repos/exoplanets/running
SLURM_TASK_PID=179039
SLURM_CPUS_ON_NODE=1
SLURM_PROCID=0
ENVIRONMENT=BATCH
SSH_ASKPASS=/usr/libexec/openssh/gnome-ssh-askpass
HISTCONTROL=ignoredups
SLURM_JOB_NODELIST=comp-d-005
SHLVL=6
HOME=/home/sven
SLURM_LOCALID=0
VSCODE_GIT_ASKPASS_MAIN=/home/sven/.vscode-server/bin/6cba118ac49a1b88332f312a8f67186f7f3c1643/extensions/git/dist/askpass-main.js
SLURM_JOB_GID=1000002
SLURM_JOB_CPUS_PER_NODE=1
SLURM_CLUSTER_NAME=nicpb
SLURM_GTIDS=0
SLURM_SUBMIT_HOST=manivald
SLURM_JOB_PARTITION=main
MATHEMATICA_HOME=/opt/Mathematica
LOGNAME=sven
SLURM_JOB_ACCOUNT=hepusers
SSH_CONNECTION=193.40.151.2 50064 193.40.150.212 22
XDG_DATA_DIRS=/home/sven/.local/share/flatpak/exports/share:/var/lib/flatpak/exports/share:/usr/local/share:/usr/share
VSCODE_GIT_IPC_HANDLE=/run/user/1000064/vscode-git-187af3b90c.sock
SLURM_JOB_NUM_NODES=1
MODULESHOME=/usr/share/Modules
VSCODE_IPC_HOOK_CLI=/run/user/1000064/vscode-ipc-19f26973-bd71-4063-84b7-a3d00ded9b27.sock
LESSOPEN=||/usr/bin/lesspipe.sh %s
BROWSER=/home/sven/.vscode-server/bin/6cba118ac49a1b88332f312a8f67186f7f3c1643/bin/helpers/browser.sh
GIT_ASKPASS=/home/sven/.vscode-server/bin/6cba118ac49a1b88332f312a8f67186f7f3c1643/extensions/git/dist/askpass.sh
VSCODE_GIT_ASKPASS_NODE=/home/sven/.vscode-server/bin/6cba118ac49a1b88332f312a8f67186f7f3c1643/node
XDG_RUNTIME_DIR=/run/user/1000064
COLORTERM=truecolor
BASH_FUNC_module()=() {  eval `/usr/bin/modulecmd bash $*`
}
_=/usr/bin/env
+ ex=fixedT10v100_test
+ N=100
+ sigma=0.1
+ python3.6 fitting_Ntimes_100.py fixedT10v100_test 100 0.1 0.6 5.
Traceback (most recent call last):
  File "fitting_Ntimes_100.py", line 31, in <module>
    nBDs       = int(sys.argv[3])
ValueError: invalid literal for int() with base 10: '0.1'
